{"/Users/Wellington/Documents/challenges/angel_list/gsynergy/src/App.js": {"path":"/Users/Wellington/Documents/challenges/angel_list/gsynergy/src/App.js","statementMap":{"0":{"start":{"line":12,"column":21},"end":{"line":17,"column":2}},"1":{"start":{"line":22,"column":4},"end":{"line":28,"column":6}},"2":{"start":{"line":32,"column":15},"end":{"line":49,"column":2}}},"fnMap":{"0":{"name":"(anonymous_0)","decl":{"start":{"line":21,"column":2},"end":{"line":21,"column":3}},"loc":{"start":{"line":21,"column":11},"end":{"line":29,"column":3}},"line":21}},"branchMap":{},"s":{"0":1,"1":1,"2":1},"f":{"0":1},"b":{},"_coverageSchema":"332fd63041d2c1bcb487cc26dd0d5f7d97098a6c","hash":"af04479a8bd9e9e30b18c77b1993571b0b734d17"}
,"/Users/Wellington/Documents/challenges/angel_list/gsynergy/src/components/If.js": {"path":"/Users/Wellington/Documents/challenges/angel_list/gsynergy/src/components/If.js","statementMap":{"0":{"start":{"line":1,"column":11},"end":{"line":1,"column":58}},"1":{"start":{"line":1,"column":34},"end":{"line":1,"column":57}}},"fnMap":{"0":{"name":"(anonymous_0)","decl":{"start":{"line":1,"column":11},"end":{"line":1,"column":12}},"loc":{"start":{"line":1,"column":34},"end":{"line":1,"column":57}},"line":1}},"branchMap":{"0":{"loc":{"start":{"line":1,"column":34},"end":{"line":1,"column":57}},"type":"cond-expr","locations":[{"start":{"line":1,"column":41},"end":{"line":1,"column":49}},{"start":{"line":1,"column":52},"end":{"line":1,"column":57}}],"line":1}},"s":{"0":1,"1":2},"f":{"0":2},"b":{"0":[1,1]},"_coverageSchema":"332fd63041d2c1bcb487cc26dd0d5f7d97098a6c","hash":"1c6271ac63401a73785637b00f4ddd1cbde059a9"}
,"/Users/Wellington/Documents/challenges/angel_list/gsynergy/src/components/ItemCard.js": {"path":"/Users/Wellington/Documents/challenges/angel_list/gsynergy/src/components/ItemCard.js","statementMap":{"0":{"start":{"line":16,"column":21},"end":{"line":16,"column":31}},"1":{"start":{"line":17,"column":28},"end":{"line":17,"column":38}},"2":{"start":{"line":18,"column":23},"end":{"line":18,"column":67}},"3":{"start":{"line":20,"column":4},"end":{"line":43,"column":6}},"4":{"start":{"line":32,"column":12},"end":{"line":32,"column":49}},"5":{"start":{"line":47,"column":15},"end":{"line":76,"column":2}}},"fnMap":{"0":{"name":"(anonymous_0)","decl":{"start":{"line":15,"column":2},"end":{"line":15,"column":3}},"loc":{"start":{"line":15,"column":11},"end":{"line":44,"column":3}},"line":15},"1":{"name":"(anonymous_1)","decl":{"start":{"line":31,"column":18},"end":{"line":31,"column":19}},"loc":{"start":{"line":31,"column":24},"end":{"line":33,"column":11}},"line":31}},"branchMap":{"0":{"loc":{"start":{"line":18,"column":23},"end":{"line":18,"column":67}},"type":"cond-expr","locations":[{"start":{"line":18,"column":37},"end":{"line":18,"column":49}},{"start":{"line":18,"column":52},"end":{"line":18,"column":67}}],"line":18}},"s":{"0":1,"1":1,"2":1,"3":1,"4":0,"5":1},"f":{"0":1,"1":0},"b":{"0":[0,1]},"_coverageSchema":"332fd63041d2c1bcb487cc26dd0d5f7d97098a6c","hash":"befeb4d7dae7d66670b47640cf585cf6835e83f2"}
,"/Users/Wellington/Documents/challenges/angel_list/gsynergy/src/store/actions/ProductActions.js": {"path":"/Users/Wellington/Documents/challenges/angel_list/gsynergy/src/store/actions/ProductActions.js","statementMap":{"0":{"start":{"line":1,"column":36},"end":{"line":1,"column":58}},"1":{"start":{"line":4,"column":2},"end":{"line":6,"column":4}}},"fnMap":{"0":{"name":"requestProductList","decl":{"start":{"line":3,"column":16},"end":{"line":3,"column":34}},"loc":{"start":{"line":3,"column":37},"end":{"line":7,"column":1}},"line":3}},"branchMap":{},"s":{"0":3,"1":1},"f":{"0":1},"b":{},"_coverageSchema":"332fd63041d2c1bcb487cc26dd0d5f7d97098a6c","hash":"f104d2cb325ef0dd9a8945d494914901def5f4d2"}
,"/Users/Wellington/Documents/challenges/angel_list/gsynergy/src/store/reducers/ProductReducers.js": {"path":"/Users/Wellington/Documents/challenges/angel_list/gsynergy/src/store/reducers/ProductReducers.js","statementMap":{"0":{"start":{"line":2,"column":36},"end":{"line":2,"column":58}},"1":{"start":{"line":3,"column":36},"end":{"line":3,"column":58}},"2":{"start":{"line":5,"column":22},"end":{"line":9,"column":1}},"3":{"start":{"line":12,"column":2},"end":{"line":21,"column":3}},"4":{"start":{"line":14,"column":6},"end":{"line":14,"column":41}},"5":{"start":{"line":16,"column":6},"end":{"line":16,"column":73}},"6":{"start":{"line":18,"column":6},"end":{"line":18,"column":55}},"7":{"start":{"line":20,"column":6},"end":{"line":20,"column":19}}},"fnMap":{"0":{"name":"products","decl":{"start":{"line":11,"column":24},"end":{"line":11,"column":32}},"loc":{"start":{"line":11,"column":64},"end":{"line":22,"column":1}},"line":11}},"branchMap":{"0":{"loc":{"start":{"line":11,"column":33},"end":{"line":11,"column":54}},"type":"default-arg","locations":[{"start":{"line":11,"column":41},"end":{"line":11,"column":54}}],"line":11},"1":{"loc":{"start":{"line":12,"column":2},"end":{"line":21,"column":3}},"type":"switch","locations":[{"start":{"line":13,"column":4},"end":{"line":14,"column":41}},{"start":{"line":15,"column":4},"end":{"line":16,"column":73}},{"start":{"line":17,"column":4},"end":{"line":18,"column":55}},{"start":{"line":19,"column":4},"end":{"line":20,"column":19}}],"line":12}},"s":{"0":2,"1":2,"2":2,"3":4,"4":1,"5":1,"6":1,"7":1},"f":{"0":4},"b":{"0":[0],"1":[1,1,1,1]},"_coverageSchema":"332fd63041d2c1bcb487cc26dd0d5f7d97098a6c","hash":"3f078112882e293ec7d6d882a7b6fc9023978586"}
,"/Users/Wellington/Documents/challenges/angel_list/gsynergy/src/store/sagas/ProductSaga.js": {"path":"/Users/Wellington/Documents/challenges/angel_list/gsynergy/src/store/sagas/ProductSaga.js","statementMap":{"0":{"start":{"line":11,"column":2},"end":{"line":16,"column":3}},"1":{"start":{"line":12,"column":21},"end":{"line":12,"column":50}},"2":{"start":{"line":13,"column":4},"end":{"line":13,"column":75}},"3":{"start":{"line":15,"column":4},"end":{"line":15,"column":46}},"4":{"start":{"line":20,"column":2},"end":{"line":20,"column":59}}},"fnMap":{"0":{"name":"getProductList","decl":{"start":{"line":10,"column":17},"end":{"line":10,"column":31}},"loc":{"start":{"line":10,"column":34},"end":{"line":17,"column":1}},"line":10},"1":{"name":"root","decl":{"start":{"line":19,"column":25},"end":{"line":19,"column":29}},"loc":{"start":{"line":19,"column":32},"end":{"line":21,"column":1}},"line":19}},"branchMap":{},"s":{"0":1,"1":1,"2":1,"3":0,"4":0},"f":{"0":1,"1":0},"b":{},"_coverageSchema":"332fd63041d2c1bcb487cc26dd0d5f7d97098a6c","hash":"e45a4207895edad8ebcb35880791a73d87db03ee"}
}
