TN:
SF:/Users/Wellington/Documents/challenges/angel_list/gsynergy/src/App.js
FN:21,(anonymous_0)
FNF:1
FNH:1
FNDA:1,(anonymous_0)
DA:12,1
DA:22,1
DA:32,1
LF:3
LH:3
BRF:0
BRH:0
end_of_record
TN:
SF:/Users/Wellington/Documents/challenges/angel_list/gsynergy/src/components/If.js
FN:1,(anonymous_0)
FNF:1
FNH:1
FNDA:2,(anonymous_0)
DA:1,2
LF:1
LH:1
BRDA:1,0,0,1
BRDA:1,0,1,1
BRF:2
BRH:2
end_of_record
TN:
SF:/Users/Wellington/Documents/challenges/angel_list/gsynergy/src/components/ItemCard.js
FN:15,(anonymous_0)
FN:31,(anonymous_1)
FNF:2
FNH:1
FNDA:1,(anonymous_0)
FNDA:0,(anonymous_1)
DA:16,1
DA:17,1
DA:18,1
DA:20,1
DA:32,0
DA:47,1
LF:6
LH:5
BRDA:18,0,0,0
BRDA:18,0,1,1
BRF:2
BRH:1
end_of_record
TN:
SF:/Users/Wellington/Documents/challenges/angel_list/gsynergy/src/store/actions/ProductActions.js
FN:3,requestProductList
FNF:1
FNH:1
FNDA:1,requestProductList
DA:1,3
DA:4,1
LF:2
LH:2
BRF:0
BRH:0
end_of_record
TN:
SF:/Users/Wellington/Documents/challenges/angel_list/gsynergy/src/store/reducers/ProductReducers.js
FN:11,products
FNF:1
FNH:1
FNDA:4,products
DA:2,2
DA:3,2
DA:5,2
DA:12,4
DA:14,1
DA:16,1
DA:18,1
DA:20,1
LF:8
LH:8
BRDA:11,0,0,0
BRDA:12,1,0,1
BRDA:12,1,1,1
BRDA:12,1,2,1
BRDA:12,1,3,1
BRF:5
BRH:4
end_of_record
TN:
SF:/Users/Wellington/Documents/challenges/angel_list/gsynergy/src/store/sagas/ProductSaga.js
FN:10,getProductList
FN:19,root
FNF:2
FNH:1
FNDA:1,getProductList
FNDA:0,root
DA:11,1
DA:12,1
DA:13,1
DA:15,0
DA:20,0
LF:5
LH:3
BRF:0
BRH:0
end_of_record
